<?xml version="1.0" encoding="UTF-8"?>
<testExecutions version="1">
  <file path="E:\git\Pessoal\formatadores\src\__test__\url.test.js">
    <testCase name="testes de parâmetros da URL deve retornar um objeto com os parâmetros da URL separados" duration="4"/>
    <testCase name="testes de parâmetros da URL retorna um objeto vazio caso não exista query na URL" duration="0"/>
  </file>
  <file path="E:\git\Pessoal\formatadores\src\__test__\utils.test.js">
    <testCase name="testes de funções utilitárias gera um ID aleatório" duration="5"/>
    <testCase name="testes de funções utilitárias faz regra de 3" duration="2"/>
    <testCase name="testes de funções utilitárias retorna um elemento aleatório de um array" duration="1"/>
  </file>
  <file path="E:\git\Pessoal\formatadores\src\__test__\formatadores.test.js">
    <testCase name="testes de formatação de caracteres especiais substitui caracteres especiais" duration="6"/>
    <testCase name="testes de formatação de telefone formata um telefone" duration="2"/>
    <testCase name="testes de formatação de dinheiro formata um valor de dinheiro" duration="21"/>
    <testCase name="testes de cálculo de idade calcula a idade atual" duration="2"/>
  </file>
  <file path="E:\git\Pessoal\formatadores\src\__test__\sessionStorage.test.js">
    <testCase name="testes de sessão deve criar uma sessão" duration="6"/>
    <testCase name="testes de sessão deve guardar uma chave e valor" duration="0"/>
    <testCase name="testes de sessão deve ler a partir de uma chave no armazenamento da sessão" duration="1"/>
    <testCase name="testes de sessão deve remover a partir de uma chave no armazenamento da sessão" duration="0"/>
    <testCase name="testes de sessão deve limpar a partir de uma chave no armazenamento da sessão" duration="0"/>
    <testCase name="testes de sessão deve limpar armazenamento da sessão" duration="0"/>
  </file>
</testExecutions>