<?xml version="1.0" encoding="UTF-8"?>
<testExecutions version="1">
  <file path="E:\git\Pessoal\formatadores\src\__test__\sessionStorage.test.js">
    <testCase name="testes de sessão deve criar uma sessão" duration="16"/>
    <testCase name="testes de sessão deve guardar uma chave e valor" duration="14">
      <failure message="TypeError: Cannot assign to read only property &apos;key&apos; of object &apos;#&lt;Object&gt;&apos;"><![CDATA[TypeError: Cannot assign to read only property 'key' of object '#<Object>'
    at Object.setItem (E:\git\Pessoal\formatadores\node_modules\mock-local-storage\lib\mock-localstorage.js:27:16)
    at Object.set (E:\git\Pessoal\formatadores\src\sessionStorage.js:12:18)
    at Object.<anonymous> (E:\git\Pessoal\formatadores\src\__test__\sessionStorage.test.js:10:27)
    at Object.asyncJestTest (E:\git\Pessoal\formatadores\node_modules\jest-jasmine2\build\jasmineAsyncInstall.js:106:37)
    at E:\git\Pessoal\formatadores\node_modules\jest-jasmine2\build\queueRunner.js:45:12
    at new Promise (<anonymous>)
    at mapper (E:\git\Pessoal\formatadores\node_modules\jest-jasmine2\build\queueRunner.js:28:19)
    at E:\git\Pessoal\formatadores\node_modules\jest-jasmine2\build\queueRunner.js:75:41
    at processTicksAndRejections (internal/process/task_queues.js:93:5)]]></failure>
    </testCase>
    <testCase name="testes de sessão deve ler a partir de uma chave no armazenamento da sessão" duration="8">
      <failure message="Error: expect(received).toEqual(expected) // deep equality"><![CDATA[Error: expect(received).toEqual(expected) // deep equality

Expected: "value"
Received: [Function value]
    at Object.<anonymous> (E:\git\Pessoal\formatadores\src\__test__\sessionStorage.test.js:16:18)
    at Object.asyncJestTest (E:\git\Pessoal\formatadores\node_modules\jest-jasmine2\build\jasmineAsyncInstall.js:106:37)
    at E:\git\Pessoal\formatadores\node_modules\jest-jasmine2\build\queueRunner.js:45:12
    at new Promise (<anonymous>)
    at mapper (E:\git\Pessoal\formatadores\node_modules\jest-jasmine2\build\queueRunner.js:28:19)
    at E:\git\Pessoal\formatadores\node_modules\jest-jasmine2\build\queueRunner.js:75:41
    at processTicksAndRejections (internal/process/task_queues.js:93:5)]]></failure>
    </testCase>
    <testCase name="testes de sessão deve remover a partir de uma chave no armazenamento da sessão" duration="2">
      <failure message="TypeError: Cannot delete property &apos;key&apos; of #&lt;Object&gt;"><![CDATA[TypeError: Cannot delete property 'key' of #<Object>
    at Object.removeItem (E:\git\Pessoal\formatadores\node_modules\mock-local-storage\lib\mock-localstorage.js:50:22)
    at Object.remove (E:\git\Pessoal\formatadores\src\sessionStorage.js:17:18)
    at Object.<anonymous> (E:\git\Pessoal\formatadores\src\__test__\sessionStorage.test.js:19:29)
    at Object.asyncJestTest (E:\git\Pessoal\formatadores\node_modules\jest-jasmine2\build\jasmineAsyncInstall.js:106:37)
    at E:\git\Pessoal\formatadores\node_modules\jest-jasmine2\build\queueRunner.js:45:12
    at new Promise (<anonymous>)
    at mapper (E:\git\Pessoal\formatadores\node_modules\jest-jasmine2\build\queueRunner.js:28:19)
    at E:\git\Pessoal\formatadores\node_modules\jest-jasmine2\build\queueRunner.js:75:41
    at processTicksAndRejections (internal/process/task_queues.js:93:5)]]></failure>
    </testCase>
    <testCase name="testes de sessão deve limpar a partir de uma chave no armazenamento da sessão" duration="2">
      <failure message="TypeError: Cannot delete property &apos;key&apos; of #&lt;Object&gt;"><![CDATA[TypeError: Cannot delete property 'key' of #<Object>
    at Object.removeItem (E:\git\Pessoal\formatadores\node_modules\mock-local-storage\lib\mock-localstorage.js:50:22)
    at remove (E:\git\Pessoal\formatadores\src\sessionStorage.js:17:18)
    at Object.clear (E:\git\Pessoal\formatadores\src\sessionStorage.js:23:12)
    at Object.<anonymous> (E:\git\Pessoal\formatadores\src\__test__\sessionStorage.test.js:23:29)
    at Object.asyncJestTest (E:\git\Pessoal\formatadores\node_modules\jest-jasmine2\build\jasmineAsyncInstall.js:106:37)
    at E:\git\Pessoal\formatadores\node_modules\jest-jasmine2\build\queueRunner.js:45:12
    at new Promise (<anonymous>)
    at mapper (E:\git\Pessoal\formatadores\node_modules\jest-jasmine2\build\queueRunner.js:28:19)
    at E:\git\Pessoal\formatadores\node_modules\jest-jasmine2\build\queueRunner.js:75:41
    at processTicksAndRejections (internal/process/task_queues.js:93:5)]]></failure>
    </testCase>
    <testCase name="testes de sessão deve limpar armazenamento da sessão" duration="1"/>
  </file>
  <file path="E:\git\Pessoal\formatadores\src\__test__\utils.test.js">
    <testCase name="testes de funções utilitárias gera um ID aleatório" duration="3"/>
    <testCase name="testes de funções utilitárias faz regra de 3" duration="1"/>
    <testCase name="testes de funções utilitárias retorna um elemento aleatório de um array" duration="1"/>
  </file>
  <file path="E:\git\Pessoal\formatadores\src\__test__\url.test.js">
    <testCase name="testes de parâmetros da URL deve retornar um objeto com os parâmetros da URL separados" duration="7"/>
    <testCase name="testes de parâmetros da URL retorna um objeto vazio caso não exista query na URL" duration="0"/>
  </file>
  <file path="E:\git\Pessoal\formatadores\src\__test__\formatadores.test.js">
    <testCase name="testes de formatação de caracteres especiais substitui caracteres especiais" duration="7"/>
    <testCase name="testes de formatação de telefone formata um telefone" duration="2"/>
    <testCase name="testes de formatação de dinheiro formata um valor de dinheiro" duration="21"/>
    <testCase name="testes de cálculo de idade calcula a idade atual" duration="4"/>
  </file>
</testExecutions>